<?xml version="1.0" encoding="UTF-8"?>
<!-- Generated by org.testng.reporters.JUnitXMLReporter -->
<testsuite ignored="0" hostname="LAPTOP-5U61PJ97" failures="0" tests="4" name="Default test" time="174.436" errors="0" timestamp="2026-04-09T12:18:16 IST">
  <testcase classname="TestCaseRepo.TC_001" name="LE_001" time="79.497">
    <skipped/>
  </testcase> <!-- LE_001 -->
  <testcase classname="TestCaseRepo.TC_001" name="LE_001" time="11.04">
    <skipped/>
  </testcase> <!-- LE_001 -->
  <testcase classname="TestCaseRepo.TC_001" name="LE_001" time="10.168">
    <skipped/>
  </testcase> <!-- LE_001 -->
  <testcase classname="TestCaseRepo.TC_001" name="LE_001" time="31.816"/>
</testsuite> <!-- Default test -->
