<?xml version="1.0" encoding="UTF-8"?>
<testng-results ignored="0" total="6" passed="6" failed="0" skipped="0">
  <reporter-output>
  </reporter-output>
  <suite started-at="2026-04-10T12:26:52 IST" name="Suite" finished-at="2026-04-10T12:27:42 IST" duration-ms="50001">
    <groups>
      <group name="Regression">
        <method signature="TC_001.LE_001()[pri:0, instance:TestCaseRepo.TC_001@3c22fc4c]" name="LE_001" class="TestCaseRepo.TC_001"/>
        <method signature="TC_003.LE_003()[pri:0, instance:TestCaseRepo.TC_003@79b06cab]" name="LE_003" class="TestCaseRepo.TC_003"/>
      </group> <!-- Regression -->
      <group name="Smoke">
        <method signature="TC_002Test.LE_002()[pri:0, instance:TestCaseRepo.TC_002Test@3eb7fc54]" name="LE_002" class="TestCaseRepo.TC_002Test"/>
        <method signature="TC_004.CON_001()[pri:0, instance:TestCaseRepo.TC_004@4690b489]" name="CON_001" class="TestCaseRepo.TC_004"/>
        <method signature="TC_005.CON_002()[pri:0, instance:TestCaseRepo.TC_005@363ee3a2]" name="CON_002" class="TestCaseRepo.TC_005"/>
      </group> <!-- Smoke -->
      <group name="System">
        <method signature="TC_001.LE_001()[pri:0, instance:TestCaseRepo.TC_001@3c22fc4c]" name="LE_001" class="TestCaseRepo.TC_001"/>
        <method signature="TC_004.CON_001()[pri:0, instance:TestCaseRepo.TC_004@4690b489]" name="CON_001" class="TestCaseRepo.TC_004"/>
        <method signature="TC_006.CON_003()[pri:0, instance:TestCaseRepo.TC_006@4ddced80]" name="CON_003" class="TestCaseRepo.TC_006"/>
      </group> <!-- System -->
    </groups>
    <test started-at="2026-04-10T12:26:52 IST" name="test" finished-at="2026-04-10T12:27:42 IST" duration-ms="50001">
      <class name="TestCaseRepo.TC_006">
        <test-method is-config="true" signature="bsConfig()[pri:0, instance:TestCaseRepo.TC_006@4ddced80]" started-at="2026-04-10T12:26:52 IST" name="bsConfig" finished-at="2026-04-10T12:26:52 IST" duration-ms="9" status="PASS">
          <reporter-output>
          </reporter-output>
        </test-method> <!-- bsConfig -->
        <test-method is-config="true" signature="bcConfig(java.lang.String)[pri:0, instance:TestCaseRepo.TC_006@4ddced80]" started-at="2026-04-10T12:26:53 IST" name="bcConfig" finished-at="2026-04-10T12:26:56 IST" duration-ms="3095" status="PASS">
          <params>
            <param index="0">
              <value>
                <![CDATA[chrome]]>
              </value>
            </param>
          </params>
          <reporter-output>
          </reporter-output>
        </test-method> <!-- bcConfig -->
        <test-method is-config="true" signature="bmConfig()[pri:0, instance:TestCaseRepo.TC_006@4ddced80]" started-at="2026-04-10T12:26:56 IST" name="bmConfig" finished-at="2026-04-10T12:27:01 IST" duration-ms="5257" status="PASS">
          <reporter-output>
          </reporter-output>
        </test-method> <!-- bmConfig -->
        <test-method signature="CON_003()[pri:0, instance:TestCaseRepo.TC_006@4ddced80]" started-at="2026-04-10T12:27:01 IST" name="CON_003" finished-at="2026-04-10T12:27:19 IST" duration-ms="17748" status="PASS">
          <reporter-output>
          </reporter-output>
        </test-method> <!-- CON_003 -->
        <test-method is-config="true" signature="amConfig()[pri:0, instance:TestCaseRepo.TC_006@4ddced80]" started-at="2026-04-10T12:27:19 IST" name="amConfig" finished-at="2026-04-10T12:27:21 IST" duration-ms="2494" status="PASS">
          <reporter-output>
          </reporter-output>
        </test-method> <!-- amConfig -->
        <test-method is-config="true" signature="acConfig()[pri:0, instance:TestCaseRepo.TC_006@4ddced80]" started-at="2026-04-10T12:27:21 IST" name="acConfig" finished-at="2026-04-10T12:27:22 IST" duration-ms="464" status="PASS">
          <reporter-output>
          </reporter-output>
        </test-method> <!-- acConfig -->
        <test-method is-config="true" signature="asConfig()[pri:0, instance:TestCaseRepo.TC_006@4ddced80]" started-at="2026-04-10T12:27:43 IST" name="asConfig" finished-at="2026-04-10T12:27:43 IST" duration-ms="1" status="PASS">
          <reporter-output>
          </reporter-output>
        </test-method> <!-- asConfig -->
      </class> <!-- TestCaseRepo.TC_006 -->
      <class name="TestCaseRepo.TC_003">
        <test-method is-config="true" signature="bcConfig(java.lang.String)[pri:0, instance:TestCaseRepo.TC_003@79b06cab]" started-at="2026-04-10T12:26:53 IST" name="bcConfig" finished-at="2026-04-10T12:26:56 IST" duration-ms="3212" status="PASS">
          <params>
            <param index="0">
              <value>
                <![CDATA[chrome]]>
              </value>
            </param>
          </params>
          <reporter-output>
          </reporter-output>
        </test-method> <!-- bcConfig -->
        <test-method is-config="true" signature="bmConfig()[pri:0, instance:TestCaseRepo.TC_003@79b06cab]" started-at="2026-04-10T12:26:56 IST" name="bmConfig" finished-at="2026-04-10T12:27:00 IST" duration-ms="4698" status="PASS">
          <reporter-output>
          </reporter-output>
        </test-method> <!-- bmConfig -->
        <test-method signature="LE_003()[pri:0, instance:TestCaseRepo.TC_003@79b06cab]" started-at="2026-04-10T12:27:00 IST" name="LE_003" finished-at="2026-04-10T12:27:19 IST" duration-ms="18574" status="PASS">
          <reporter-output>
          </reporter-output>
        </test-method> <!-- LE_003 -->
        <test-method is-config="true" signature="amConfig()[pri:0, instance:TestCaseRepo.TC_003@79b06cab]" started-at="2026-04-10T12:27:19 IST" name="amConfig" finished-at="2026-04-10T12:27:21 IST" duration-ms="2197" status="PASS">
          <reporter-output>
          </reporter-output>
        </test-method> <!-- amConfig -->
        <test-method is-config="true" signature="acConfig()[pri:0, instance:TestCaseRepo.TC_003@79b06cab]" started-at="2026-04-10T12:27:21 IST" name="acConfig" finished-at="2026-04-10T12:27:22 IST" duration-ms="509" status="PASS">
          <reporter-output>
          </reporter-output>
        </test-method> <!-- acConfig -->
      </class> <!-- TestCaseRepo.TC_003 -->
      <class name="TestCaseRepo.TC_005">
        <test-method is-config="true" signature="bcConfig(java.lang.String)[pri:0, instance:TestCaseRepo.TC_005@363ee3a2]" started-at="2026-04-10T12:26:53 IST" name="bcConfig" finished-at="2026-04-10T12:26:56 IST" duration-ms="3108" status="PASS">
          <params>
            <param index="0">
              <value>
                <![CDATA[chrome]]>
              </value>
            </param>
          </params>
          <reporter-output>
          </reporter-output>
        </test-method> <!-- bcConfig -->
        <test-method is-config="true" signature="bmConfig()[pri:0, instance:TestCaseRepo.TC_005@363ee3a2]" started-at="2026-04-10T12:26:56 IST" name="bmConfig" finished-at="2026-04-10T12:27:01 IST" duration-ms="5585" status="PASS">
          <reporter-output>
          </reporter-output>
        </test-method> <!-- bmConfig -->
        <test-method signature="CON_002()[pri:0, instance:TestCaseRepo.TC_005@363ee3a2]" started-at="2026-04-10T12:27:01 IST" name="CON_002" finished-at="2026-04-10T12:27:19 IST" duration-ms="17224" status="PASS">
          <reporter-output>
          </reporter-output>
        </test-method> <!-- CON_002 -->
        <test-method is-config="true" signature="amConfig()[pri:0, instance:TestCaseRepo.TC_005@363ee3a2]" started-at="2026-04-10T12:27:19 IST" name="amConfig" finished-at="2026-04-10T12:27:21 IST" duration-ms="2412" status="PASS">
          <reporter-output>
          </reporter-output>
        </test-method> <!-- amConfig -->
        <test-method is-config="true" signature="acConfig()[pri:0, instance:TestCaseRepo.TC_005@363ee3a2]" started-at="2026-04-10T12:27:21 IST" name="acConfig" finished-at="2026-04-10T12:27:22 IST" duration-ms="563" status="PASS">
          <reporter-output>
          </reporter-output>
        </test-method> <!-- acConfig -->
      </class> <!-- TestCaseRepo.TC_005 -->
      <class name="TestCaseRepo.TC_002Test">
        <test-method is-config="true" signature="bcConfig(java.lang.String)[pri:0, instance:TestCaseRepo.TC_002Test@3eb7fc54]" started-at="2026-04-10T12:26:53 IST" name="bcConfig" finished-at="2026-04-10T12:26:56 IST" duration-ms="3220" status="PASS">
          <params>
            <param index="0">
              <value>
                <![CDATA[chrome]]>
              </value>
            </param>
          </params>
          <reporter-output>
          </reporter-output>
        </test-method> <!-- bcConfig -->
        <test-method is-config="true" signature="bmConfig()[pri:0, instance:TestCaseRepo.TC_002Test@3eb7fc54]" started-at="2026-04-10T12:26:56 IST" name="bmConfig" finished-at="2026-04-10T12:27:01 IST" duration-ms="5364" status="PASS">
          <reporter-output>
          </reporter-output>
        </test-method> <!-- bmConfig -->
        <test-method signature="LE_002()[pri:0, instance:TestCaseRepo.TC_002Test@3eb7fc54]" started-at="2026-04-10T12:27:01 IST" name="LE_002" finished-at="2026-04-10T12:27:18 IST" duration-ms="17287" status="PASS">
          <reporter-output>
          </reporter-output>
        </test-method> <!-- LE_002 -->
        <test-method is-config="true" signature="amConfig()[pri:0, instance:TestCaseRepo.TC_002Test@3eb7fc54]" started-at="2026-04-10T12:27:18 IST" name="amConfig" finished-at="2026-04-10T12:27:21 IST" duration-ms="2581" status="PASS">
          <reporter-output>
          </reporter-output>
        </test-method> <!-- amConfig -->
        <test-method is-config="true" signature="acConfig()[pri:0, instance:TestCaseRepo.TC_002Test@3eb7fc54]" started-at="2026-04-10T12:27:21 IST" name="acConfig" finished-at="2026-04-10T12:27:22 IST" duration-ms="657" status="PASS">
          <reporter-output>
          </reporter-output>
        </test-method> <!-- acConfig -->
      </class> <!-- TestCaseRepo.TC_002Test -->
      <class name="TestCaseRepo.TC_004">
        <test-method is-config="true" signature="bcConfig(java.lang.String)[pri:0, instance:TestCaseRepo.TC_004@4690b489]" started-at="2026-04-10T12:26:53 IST" name="bcConfig" finished-at="2026-04-10T12:26:56 IST" duration-ms="3200" status="PASS">
          <params>
            <param index="0">
              <value>
                <![CDATA[chrome]]>
              </value>
            </param>
          </params>
          <reporter-output>
          </reporter-output>
        </test-method> <!-- bcConfig -->
        <test-method is-config="true" signature="bmConfig()[pri:0, instance:TestCaseRepo.TC_004@4690b489]" started-at="2026-04-10T12:26:56 IST" name="bmConfig" finished-at="2026-04-10T12:27:01 IST" duration-ms="4840" status="PASS">
          <reporter-output>
          </reporter-output>
        </test-method> <!-- bmConfig -->
        <test-method signature="CON_001()[pri:0, instance:TestCaseRepo.TC_004@4690b489]" started-at="2026-04-10T12:27:01 IST" name="CON_001" finished-at="2026-04-10T12:27:18 IST" duration-ms="17515" status="PASS">
          <reporter-output>
          </reporter-output>
        </test-method> <!-- CON_001 -->
        <test-method is-config="true" signature="amConfig()[pri:0, instance:TestCaseRepo.TC_004@4690b489]" started-at="2026-04-10T12:27:18 IST" name="amConfig" finished-at="2026-04-10T12:27:21 IST" duration-ms="2437" status="PASS">
          <reporter-output>
          </reporter-output>
        </test-method> <!-- amConfig -->
        <test-method is-config="true" signature="acConfig()[pri:0, instance:TestCaseRepo.TC_004@4690b489]" started-at="2026-04-10T12:27:21 IST" name="acConfig" finished-at="2026-04-10T12:27:21 IST" duration-ms="306" status="PASS">
          <reporter-output>
          </reporter-output>
        </test-method> <!-- acConfig -->
      </class> <!-- TestCaseRepo.TC_004 -->
      <class name="TestCaseRepo.TC_001">
        <test-method is-config="true" signature="bcConfig(java.lang.String)[pri:0, instance:TestCaseRepo.TC_001@3c22fc4c]" started-at="2026-04-10T12:27:21 IST" name="bcConfig" finished-at="2026-04-10T12:27:23 IST" duration-ms="2075" status="PASS">
          <params>
            <param index="0">
              <value>
                <![CDATA[chrome]]>
              </value>
            </param>
          </params>
          <reporter-output>
          </reporter-output>
        </test-method> <!-- bcConfig -->
        <test-method is-config="true" signature="bmConfig()[pri:0, instance:TestCaseRepo.TC_001@3c22fc4c]" started-at="2026-04-10T12:27:23 IST" name="bmConfig" finished-at="2026-04-10T12:27:23 IST" duration-ms="174" status="PASS">
          <reporter-output>
          </reporter-output>
        </test-method> <!-- bmConfig -->
        <test-method signature="LE_001()[pri:0, instance:TestCaseRepo.TC_001@3c22fc4c]" started-at="2026-04-10T12:27:23 IST" name="LE_001" finished-at="2026-04-10T12:27:40 IST" duration-ms="17190" status="PASS">
          <reporter-output>
          </reporter-output>
        </test-method> <!-- LE_001 -->
        <test-method is-config="true" signature="amConfig()[pri:0, instance:TestCaseRepo.TC_001@3c22fc4c]" started-at="2026-04-10T12:27:40 IST" name="amConfig" finished-at="2026-04-10T12:27:42 IST" duration-ms="1969" status="PASS">
          <reporter-output>
          </reporter-output>
        </test-method> <!-- amConfig -->
        <test-method is-config="true" signature="acConfig()[pri:0, instance:TestCaseRepo.TC_001@3c22fc4c]" started-at="2026-04-10T12:27:42 IST" name="acConfig" finished-at="2026-04-10T12:27:42 IST" duration-ms="135" status="PASS">
          <reporter-output>
          </reporter-output>
        </test-method> <!-- acConfig -->
      </class> <!-- TestCaseRepo.TC_001 -->
    </test> <!-- test -->
  </suite> <!-- Suite -->
</testng-results>
