<?xml version="1.0" encoding="UTF-8"?>
<!-- Generated by org.testng.reporters.JUnitReportReporter -->
<testsuite hostname="LAPTOP-5U61PJ97" failures="0" tests="4" name="TestCaseRepo.TC_001" time="159.494" errors="0" timestamp="2026-04-09T12:18:17 IST" skipped="3">
  <testcase classname="TestCaseRepo.TC_001" name="LE_001" time="16.713">
    <skipped/>
  </testcase> <!-- LE_001 -->
  <testcase classname="TestCaseRepo.TC_001" name="LE_001" time="88.662">
    <skipped/>
  </testcase> <!-- LE_001 -->
  <testcase classname="TestCaseRepo.TC_001" name="LE_001" time="38.146"/>
  <testcase classname="TestCaseRepo.TC_001" name="LE_001" time="15.973">
    <skipped/>
  </testcase> <!-- LE_001 -->
</testsuite> <!-- TestCaseRepo.TC_001 -->
