<?xml version="1.0" encoding="UTF-8"?>
<!-- Generated by org.testng.reporters.JUnitReportReporter -->
<testsuite hostname="LAPTOP-5U61PJ97" failures="0" tests="2" name="practice.TestNGPractice" time="0.017" errors="0" timestamp="2026-04-06T19:24:46 IST" skipped="1">
  <testcase classname="practice.TestNGPractice" name="sanWakes" time="0.017"/>
  <testcase classname="practice.TestNGPractice" name="sanWakes1">
    <skipped/>
  </testcase> <!-- sanWakes1 -->
</testsuite> <!-- practice.TestNGPractice -->
