<?xml version="1.0" encoding="UTF-8"?>
<!-- Generated by org.testng.reporters.JUnitReportReporter -->
<testsuite hostname="LAPTOP-5U61PJ97" failures="0" tests="4" name="practice.TestNGPractice" time="0.009" errors="0" timestamp="2026-04-10T10:38:31 IST" skipped="0">
  <testcase classname="practice.TestNGPractice" name="sanWakes" time="0.006"/>
  <testcase classname="practice.TestNGPractice" name="sanEats" time="0.001"/>
  <testcase classname="practice.TestNGPractice" name="sanMakesReels" time="0.001"/>
  <testcase classname="practice.TestNGPractice" name="sanSleeps" time="0.001"/>
</testsuite> <!-- practice.TestNGPractice -->
